2026-06-30 10:12:10,438 | INFO     | [OrchestratorAgent] pipeline_start
2026-06-30 10:12:10,438 | INFO     | [OrchestratorAgent] load_rules_start
2026-06-30 10:12:10,641 | INFO     | [OrchestratorAgent] load_rules_complete | out: 142 rules loaded
2026-06-30 10:12:10,641 | INFO     | [OrchestratorAgent] parse_start | in: ['data\\sample_c_files\\data.c', 'data\\sample_c_files\\device.c', 'data\\sample_c_files\\main.c', 'data\\sample_c_files
2026-06-30 10:12:10,670 | INFO     | [OrchestratorAgent] parse_file | in: data\sample_c_files\data.c | out: 5 nodes extracted
2026-06-30 10:12:10,678 | INFO     | [OrchestratorAgent] parse_file | in: data\sample_c_files\device.c | out: 4 nodes extracted
2026-06-30 10:12:10,684 | INFO     | [OrchestratorAgent] parse_file | in: data\sample_c_files\main.c | out: 5 nodes extracted
2026-06-30 10:12:10,692 | INFO     | [OrchestratorAgent] parse_file | in: data\sample_c_files\shared.h | out: 4 nodes extracted
2026-06-30 10:12:10,693 | INFO     | [OrchestratorAgent] parse_complete | out: 18 total AST nodes
2026-06-30 10:12:10,693 | INFO     | [OrchestratorAgent] analyze_file | in: data\sample_c_files\data.c: 5 nodes
2026-06-30 10:12:10,693 | INFO     | [RuleRetrievalAgent] retrieve_rules | in: node=UnionUsage line=3
2026-06-30 10:12:10,695 | INFO     | [RuleRetrievalAgent] retrieve_complete | out: 14 candidate rules
2026-06-30 10:12:10,695 | INFO     | [RuleMatcherAgent] match_rules | in: node=UnionUsage, candidates=14
2026-06-30 10:12:10,696 | INFO     | [RuleMatcherAgent] match_complete | out: 9 rules after matching (target_types=['Structures and unions', 'Types'])
2026-06-30 10:12:10,696 | INFO     | [ControlFlowAgent] violations_found | in: node=UnionUsage line=3 | out: 1 violations: ['18.4']
2026-06-30 10:12:10,696 | INFO     | [RuleRetrievalAgent] retrieve_rules | in: node=FunctionDefinition line=4
2026-06-30 10:12:10,700 | INFO     | [RuleRetrievalAgent] retrieve_complete | out: 20 candidate rules
2026-06-30 10:12:10,700 | INFO     | [RuleMatcherAgent] match_rules | in: node=FunctionDefinition, candidates=20
2026-06-30 10:12:10,700 | INFO     | [RuleMatcherAgent] match_complete | out: 20 rules after matching (target_types=['Functions', 'Declarations and definitions', 'Documentation'])
2026-06-30 10:12:10,701 | INFO     | [RuleRetrievalAgent] retrieve_rules | in: node=FunctionCall line=4
2026-06-30 10:12:10,702 | INFO     | [RuleRetrievalAgent] retrieve_complete | out: 20 candidate rules
2026-06-30 10:12:10,702 | INFO     | [RuleMatcherAgent] match_rules | in: node=FunctionCall, candidates=20
2026-06-30 10:12:10,703 | INFO     | [RuleMatcherAgent] match_complete | out: 20 rules after matching (target_types=['Functions', 'Standard libraries', 'Expressions'])
2026-06-30 10:12:10,703 | INFO     | [RuleRetrievalAgent] retrieve_rules | in: node=ReturnStatement line=5
2026-06-30 10:12:10,705 | INFO     | [RuleRetrievalAgent] retrieve_complete | out: 20 candidate rules
2026-06-30 10:12:10,705 | INFO     | [RuleMatcherAgent] match_rules | in: node=ReturnStatement, candidates=20
2026-06-30 10:12:10,705 | INFO     | [RuleMatcherAgent] match_complete | out: 20 rules after matching (target_types=['Functions', 'Control flow'])
2026-06-30 10:12:10,706 | INFO     | [RuleRetrievalAgent] retrieve_rules | in: node=FunctionCall line=5
2026-06-30 10:12:10,708 | INFO     | [RuleRetrievalAgent] retrieve_complete | out: 20 candidate rules
2026-06-30 10:12:10,708 | INFO     | [RuleMatcherAgent] match_rules | in: node=FunctionCall, candidates=20
2026-06-30 10:12:10,709 | INFO     | [RuleMatcherAgent] match_complete | out: 20 rules after matching (target_types=['Functions', 'Standard libraries', 'Expressions'])
2026-06-30 10:12:10,709 | INFO     | [OrchestratorAgent] analyze_file | in: data\sample_c_files\device.c: 4 nodes
2026-06-30 10:12:10,709 | INFO     | [RuleRetrievalAgent] retrieve_rules | in: node=InlineAssembly line=3
2026-06-30 10:12:10,711 | INFO     | [RuleRetrievalAgent] retrieve_complete | out: 9 candidate rules
2026-06-30 10:12:10,711 | INFO     | [RuleMatcherAgent] match_rules | in: node=InlineAssembly, candidates=9
2026-06-30 10:12:10,712 | INFO     | [RuleMatcherAgent] match_complete | out: 9 rules after matching (target_types=['Language extensions', 'Environment'])
2026-06-30 10:12:10,713 | INFO     | [ControlFlowAgent] violations_found | in: node=InlineAssembly line=3 | out: 1 violations: ['2.1']
2026-06-30 10:12:10,713 | INFO     | [RuleRetrievalAgent] retrieve_rules | in: node=FunctionCall line=3
2026-06-30 10:12:10,714 | INFO     | [RuleRetrievalAgent] retrieve_complete | out: 20 candidate rules
2026-06-30 10:12:10,715 | INFO     | [RuleMatcherAgent] match_rules | in: node=FunctionCall, candidates=20
2026-06-30 10:12:10,716 | INFO     | [RuleMatcherAgent] match_complete | out: 20 rules after matching (target_types=['Functions', 'Standard libraries', 'Expressions'])
2026-06-30 10:12:10,716 | INFO     | [RuleRetrievalAgent] retrieve_rules | in: node=ReturnStatement line=4
2026-06-30 10:12:10,717 | INFO     | [RuleRetrievalAgent] retrieve_complete | out: 20 candidate rules
2026-06-30 10:12:10,718 | INFO     | [RuleMatcherAgent] match_rules | in: node=ReturnStatement, candidates=20
2026-06-30 10:12:10,718 | INFO     | [RuleMatcherAgent] match_complete | out: 20 rules after matching (target_types=['Functions', 'Control flow'])
2026-06-30 10:12:10,718 | INFO     | [OrchestratorAgent] analyze_file | in: data\sample_c_files\main.c: 5 nodes
2026-06-30 10:12:10,719 | INFO     | [RuleRetrievalAgent] retrieve_rules | in: node=FunctionDefinition line=3
2026-06-30 10:12:10,719 | INFO     | [RuleRetrievalAgent] retrieve_complete | out: 20 candidate rules
2026-06-30 10:12:10,720 | INFO     | [RuleMatcherAgent] match_rules | in: node=FunctionDefinition, candidates=20
2026-06-30 10:12:10,720 | INFO     | [RuleMatcherAgent] match_complete | out: 20 rules after matching (target_types=['Functions', 'Declarations and definitions', 'Documentation'])
2026-06-30 10:12:10,720 | INFO     | [RuleRetrievalAgent] retrieve_rules | in: node=FunctionCall line=3
2026-06-30 10:12:10,721 | INFO     | [RuleRetrievalAgent] retrieve_complete | out: 20 candidate rules
2026-06-30 10:12:10,721 | INFO     | [RuleMatcherAgent] match_rules | in: node=FunctionCall, candidates=20
2026-06-30 10:12:10,721 | INFO     | [RuleMatcherAgent] match_complete | out: 20 rules after matching (target_types=['Functions', 'Standard libraries', 'Expressions'])
2026-06-30 10:12:10,722 | INFO     | [RuleRetrievalAgent] retrieve_rules | in: node=ReturnStatement line=4
2026-06-30 10:12:10,722 | INFO     | [RuleRetrievalAgent] retrieve_complete | out: 20 candidate rules
2026-06-30 10:12:10,723 | INFO     | [RuleMatcherAgent] match_rules | in: node=ReturnStatement, candidates=20
2026-06-30 10:12:10,723 | INFO     | [RuleMatcherAgent] match_complete | out: 20 rules after matching (target_types=['Functions', 'Control flow'])
2026-06-30 10:12:10,724 | INFO     | [RuleRetrievalAgent] retrieve_rules | in: node=ComplexLogicalExpression line=4
2026-06-30 10:12:10,725 | INFO     | [RuleRetrievalAgent] retrieve_complete | out: 20 candidate rules
2026-06-30 10:12:10,725 | INFO     | [RuleMatcherAgent] match_rules | in: node=ComplexLogicalExpression, candidates=20
2026-06-30 10:12:10,726 | INFO     | [RuleMatcherAgent] match_complete | out: 20 rules after matching (target_types=['Expressions', 'Control statement expressions'])
2026-06-30 10:12:10,727 | INFO     | [ControlFlowAgent] violations_found | in: node=ComplexLogicalExpression line=4 | out: 3 violations: ['12.5', '12.5', '12.5']
2026-06-30 10:12:10,727 | INFO     | [RuleRetrievalAgent] retrieve_rules | in: node=ReturnStatement line=5
2026-06-30 10:12:10,728 | INFO     | [RuleRetrievalAgent] retrieve_complete | out: 20 candidate rules
2026-06-30 10:12:10,729 | INFO     | [RuleMatcherAgent] match_rules | in: node=ReturnStatement, candidates=20
2026-06-30 10:12:10,729 | INFO     | [RuleMatcherAgent] match_complete | out: 20 rules after matching (target_types=['Functions', 'Control flow'])
2026-06-30 10:12:10,730 | INFO     | [OrchestratorAgent] analyze_file | in: data\sample_c_files\shared.h: 4 nodes
2026-06-30 10:12:10,731 | INFO     | [RuleRetrievalAgent] retrieve_rules | in: node=ArrayDeclaration line=4
2026-06-30 10:12:10,732 | INFO     | [RuleRetrievalAgent] retrieve_complete | out: 20 candidate rules
2026-06-30 10:12:10,733 | INFO     | [RuleMatcherAgent] match_rules | in: node=ArrayDeclaration, candidates=20
2026-06-30 10:12:10,733 | INFO     | [RuleMatcherAgent] match_complete | out: 20 rules after matching (target_types=['Pointers and arrays', 'Declarations and definitions', 'Initialisation'])
2026-06-30 10:12:10,733 | INFO     | [RuleRetrievalAgent] retrieve_rules | in: node=UnionDeclaration line=4
2026-06-30 10:12:10,734 | INFO     | [RuleRetrievalAgent] retrieve_complete | out: 20 candidate rules
2026-06-30 10:12:10,734 | INFO     | [RuleMatcherAgent] match_rules | in: node=UnionDeclaration, candidates=20
2026-06-30 10:12:10,734 | INFO     | [RuleMatcherAgent] match_complete | out: 20 rules after matching (target_types=['Structures and unions', 'Declarations and definitions', 'Types'])
2026-06-30 10:12:10,734 | INFO     | [ControlFlowAgent] violations_found | in: node=UnionDeclaration line=4 | out: 1 violations: ['18.4']
2026-06-30 10:12:10,734 | INFO     | [RuleRetrievalAgent] retrieve_rules | in: node=FunctionCall line=5
2026-06-30 10:12:10,737 | INFO     | [RuleRetrievalAgent] retrieve_complete | out: 20 candidate rules
2026-06-30 10:12:10,738 | INFO     | [RuleMatcherAgent] match_rules | in: node=FunctionCall, candidates=20
2026-06-30 10:12:10,738 | INFO     | [RuleMatcherAgent] match_complete | out: 20 rules after matching (target_types=['Functions', 'Standard libraries', 'Expressions'])
2026-06-30 10:12:10,738 | INFO     | [RuleRetrievalAgent] retrieve_rules | in: node=FunctionCall line=6
2026-06-30 10:12:10,739 | INFO     | [RuleRetrievalAgent] retrieve_complete | out: 20 candidate rules
2026-06-30 10:12:10,739 | INFO     | [RuleMatcherAgent] match_rules | in: node=FunctionCall, candidates=20
2026-06-30 10:12:10,739 | INFO     | [RuleMatcherAgent] match_complete | out: 20 rules after matching (target_types=['Functions', 'Standard libraries', 'Expressions'])
2026-06-30 10:12:10,740 | INFO     | [OrchestratorAgent] parallel_verify_start | in: 51 (node, rule) pairs to check
2026-06-30 10:12:10,740 | INFO     | [VerificationAgent] verify_start | in: rule=18.1 node=UnionUsage line=3
2026-06-30 10:12:10,741 | INFO     | [VerificationAgent] verify_start | in: rule=18.3 node=UnionUsage line=3
2026-06-30 10:12:10,743 | INFO     | [OrchestratorAgent] anchored_violation | out: data.c:3 rule=18.4 violation=True
2026-06-30 10:12:10,744 | INFO     | [VerificationAgent] verify_start | in: rule=3.5 node=FunctionDefinition line=4
2026-06-30 10:12:10,746 | INFO     | [VerificationAgent] verify_start | in: rule=8.2 node=FunctionDefinition line=4
2026-06-30 10:12:29,280 | INFO     | [VerificationAgent] verify_complete | out: violation=False confidence=1.00
2026-06-30 10:12:29,280 | INFO     | [VerificationAgent] verify_start | in: rule=8.4 node=FunctionDefinition line=4
2026-06-30 10:12:37,528 | INFO     | [VerificationAgent] verify_complete | out: violation=False confidence=1.00
2026-06-30 10:12:37,532 | INFO     | [VerificationAgent] verify_start | in: rule=12.1 node=FunctionCall line=4
2026-06-30 10:12:43,669 | INFO     | [VerificationAgent] verify_complete | out: violation=False confidence=1.00
2026-06-30 10:12:43,670 | INFO     | [VerificationAgent] verify_start | in: rule=12.2 node=FunctionCall line=4
2026-06-30 10:12:53,349 | INFO     | [VerificationAgent] verify_complete | out: violation=False confidence=1.00
2026-06-30 10:12:53,359 | INFO     | [VerificationAgent] verify_start | in: rule=12.3 node=FunctionCall line=4
2026-06-30 10:13:01,254 | INFO     | [VerificationAgent] verify_complete | out: violation=False confidence=1.00
2026-06-30 10:13:01,254 | INFO     | [VerificationAgent] verify_start | in: rule=14.3 node=ReturnStatement line=5
2026-06-30 10:13:09,680 | INFO     | [VerificationAgent] verify_complete | out: violation=False confidence=1.00
2026-06-30 10:13:09,680 | INFO     | [VerificationAgent] verify_start | in: rule=16.5 node=ReturnStatement line=5
2026-06-30 10:13:17,755 | INFO     | [VerificationAgent] verify_complete | out: violation=False confidence=1.00
2026-06-30 10:13:17,757 | INFO     | [VerificationAgent] verify_start | in: rule=16.7 node=ReturnStatement line=5
2026-06-30 10:13:25,324 | INFO     | [VerificationAgent] verify_complete | out: violation=False confidence=1.00
2026-06-30 10:13:25,325 | INFO     | [VerificationAgent] verify_start | in: rule=20.3 node=FunctionCall line=5
2026-06-30 10:13:33,283 | INFO     | [VerificationAgent] verify_complete | out: violation=False confidence=1.00
2026-06-30 10:13:33,283 | INFO     | [VerificationAgent] verify_start | in: rule=12.8 node=FunctionCall line=5
2026-06-30 10:13:39,520 | INFO     | [VerificationAgent] verify_complete | out: violation=False confidence=1.00
2026-06-30 10:13:39,520 | INFO     | [VerificationAgent] verify_start | in: rule=12.9 node=FunctionCall line=5
2026-06-30 10:13:48,026 | INFO     | [VerificationAgent] verify_complete | out: violation=False confidence=1.00
2026-06-30 10:13:48,027 | INFO     | [VerificationAgent] verify_start | in: rule=1.1 node=InlineAssembly line=3
2026-06-30 10:13:56,345 | INFO     | [VerificationAgent] verify_complete | out: violation=False confidence=1.00
2026-06-30 10:13:56,345 | INFO     | [VerificationAgent] verify_start | in: rule=1.2 node=InlineAssembly line=3
2026-06-30 10:14:04,390 | INFO     | [VerificationAgent] verify_complete | out: violation=False confidence=1.00
2026-06-30 10:14:04,390 | INFO     | [VerificationAgent] verify_start | in: rule=1.3 node=InlineAssembly line=3
2026-06-30 10:14:11,143 | INFO     | [VerificationAgent] verify_complete | out: violation=False confidence=1.00
2026-06-30 10:14:11,143 | INFO     | [VerificationAgent] verify_start | in: rule=12.1 node=FunctionCall line=3
2026-06-30 10:14:22,811 | INFO     | [VerificationAgent] verify_complete | out: violation=False confidence=1.00
2026-06-30 10:14:22,811 | INFO     | [VerificationAgent] verify_start | in: rule=12.2 node=FunctionCall line=3
2026-06-30 10:14:29,514 | INFO     | [VerificationAgent] verify_complete | out: violation=False confidence=1.00
2026-06-30 10:14:29,517 | INFO     | [VerificationAgent] verify_start | in: rule=12.3 node=FunctionCall line=3
2026-06-30 10:14:37,791 | INFO     | [VerificationAgent] verify_complete | out: violation=False confidence=1.00
2026-06-30 10:14:37,794 | INFO     | [VerificationAgent] verify_start | in: rule=16.5 node=ReturnStatement line=4
2026-06-30 10:14:46,461 | INFO     | [VerificationAgent] verify_complete | out: violation=False confidence=1.00
2026-06-30 10:14:46,461 | INFO     | [VerificationAgent] verify_start | in: rule=16.7 node=ReturnStatement line=4
2026-06-30 10:14:54,811 | INFO     | [VerificationAgent] verify_complete | out: violation=False confidence=1.00
2026-06-30 10:14:54,811 | INFO     | [VerificationAgent] verify_start | in: rule=16.8 node=ReturnStatement line=4
2026-06-30 10:15:02,491 | INFO     | [VerificationAgent] verify_complete | out: violation=False confidence=1.00
2026-06-30 10:15:02,493 | INFO     | [VerificationAgent] verify_start | in: rule=3.1 node=FunctionDefinition line=3
2026-06-30 10:15:09,876 | INFO     | [VerificationAgent] verify_complete | out: violation=False confidence=1.00
2026-06-30 10:15:09,877 | INFO     | [VerificationAgent] verify_start | in: rule=3.2 node=FunctionDefinition line=3
2026-06-30 10:15:18,116 | INFO     | [VerificationAgent] verify_complete | out: violation=False confidence=1.00
2026-06-30 10:15:18,116 | INFO     | [VerificationAgent] verify_start | in: rule=3.3 node=FunctionDefinition line=3
2026-06-30 10:15:24,249 | INFO     | [VerificationAgent] verify_complete | out: violation=False confidence=1.00
2026-06-30 10:15:24,251 | INFO     | [VerificationAgent] verify_start | in: rule=12.1 node=FunctionCall line=3
2026-06-30 10:15:30,792 | INFO     | [VerificationAgent] verify_complete | out: violation=False confidence=1.00
2026-06-30 10:15:30,792 | INFO     | [VerificationAgent] verify_start | in: rule=12.2 node=FunctionCall line=3
2026-06-30 10:15:38,916 | INFO     | [VerificationAgent] verify_complete | out: violation=False confidence=1.00
2026-06-30 10:15:38,917 | INFO     | [VerificationAgent] verify_start | in: rule=12.3 node=FunctionCall line=3
2026-06-30 10:15:45,815 | INFO     | [VerificationAgent] verify_complete | out: violation=False confidence=1.00
2026-06-30 10:15:45,817 | INFO     | [VerificationAgent] verify_start | in: rule=16.5 node=ReturnStatement line=4
2026-06-30 10:15:54,202 | INFO     | [VerificationAgent] verify_complete | out: violation=False confidence=1.00
2026-06-30 10:15:54,202 | INFO     | [VerificationAgent] verify_start | in: rule=16.7 node=ReturnStatement line=4
2026-06-30 10:16:01,963 | INFO     | [VerificationAgent] verify_complete | out: violation=False confidence=1.00
2026-06-30 10:16:01,963 | INFO     | [VerificationAgent] verify_start | in: rule=16.8 node=ReturnStatement line=4
2026-06-30 10:16:09,506 | INFO     | [VerificationAgent] verify_complete | out: violation=False confidence=1.00
2026-06-30 10:16:09,506 | INFO     | [VerificationAgent] verify_start | in: rule=12.1 node=ComplexLogicalExpression line=4
2026-06-30 10:16:16,936 | INFO     | [VerificationAgent] verify_complete | out: violation=False confidence=1.00
2026-06-30 10:16:16,938 | INFO     | [VerificationAgent] verify_start | in: rule=12.2 node=ComplexLogicalExpression line=4
2026-06-30 10:16:24,873 | INFO     | [VerificationAgent] verify_complete | out: violation=False confidence=1.00
2026-06-30 10:16:24,873 | INFO     | [VerificationAgent] verify_start | in: rule=12.3 node=ComplexLogicalExpression line=4
2026-06-30 10:16:30,587 | INFO     | [VerificationAgent] verify_complete | out: violation=False confidence=1.00
2026-06-30 10:16:30,588 | INFO     | [VerificationAgent] verify_start | in: rule=16.5 node=ReturnStatement line=5
2026-06-30 10:16:39,534 | INFO     | [VerificationAgent] verify_complete | out: violation=False confidence=1.00
2026-06-30 10:16:39,534 | INFO     | [VerificationAgent] verify_start | in: rule=16.7 node=ReturnStatement line=5
2026-06-30 10:16:47,293 | INFO     | [VerificationAgent] verify_complete | out: violation=False confidence=1.00
2026-06-30 10:16:47,293 | INFO     | [VerificationAgent] verify_start | in: rule=16.8 node=ReturnStatement line=5
2026-06-30 10:16:54,452 | INFO     | [VerificationAgent] verify_complete | out: violation=False confidence=1.00
2026-06-30 10:16:54,453 | INFO     | [VerificationAgent] verify_start | in: rule=8.4 node=ArrayDeclaration line=4
2026-06-30 10:17:01,103 | INFO     | [VerificationAgent] verify_complete | out: violation=False confidence=1.00
2026-06-30 10:17:01,103 | INFO     | [VerificationAgent] verify_start | in: rule=9.3 node=ArrayDeclaration line=4
2026-06-30 10:17:09,507 | INFO     | [VerificationAgent] verify_complete | out: violation=False confidence=1.00
2026-06-30 10:17:09,508 | INFO     | [VerificationAgent] verify_start | in: rule=9.2 node=ArrayDeclaration line=4
2026-06-30 10:17:15,344 | INFO     | [VerificationAgent] verify_complete | out: violation=False confidence=1.00
2026-06-30 10:17:15,344 | INFO     | [VerificationAgent] verify_start | in: rule=6.2 node=UnionDeclaration line=4
2026-06-30 10:17:22,916 | INFO     | [VerificationAgent] verify_complete | out: violation=False confidence=1.00
2026-06-30 10:17:22,917 | INFO     | [VerificationAgent] verify_start | in: rule=6.3 node=UnionDeclaration line=4
2026-06-30 10:17:30,534 | INFO     | [VerificationAgent] verify_complete | out: violation=False confidence=1.00
2026-06-30 10:17:30,534 | INFO     | [VerificationAgent] verify_start | in: rule=6.4 node=UnionDeclaration line=4
2026-06-30 10:17:39,382 | INFO     | [VerificationAgent] verify_complete | out: violation=False confidence=1.00
2026-06-30 10:17:39,383 | INFO     | [VerificationAgent] verify_start | in: rule=12.1 node=FunctionCall line=5
2026-06-30 10:17:47,485 | INFO     | [VerificationAgent] verify_complete | out: violation=False confidence=1.00
2026-06-30 10:17:47,486 | INFO     | [VerificationAgent] verify_start | in: rule=12.2 node=FunctionCall line=5
2026-06-30 10:17:57,917 | INFO     | [VerificationAgent] verify_complete | out: violation=False confidence=1.00
2026-06-30 10:17:57,918 | INFO     | [VerificationAgent] verify_start | in: rule=12.3 node=FunctionCall line=5
2026-06-30 10:18:03,860 | INFO     | [VerificationAgent] verify_complete | out: violation=False confidence=1.00
2026-06-30 10:18:03,860 | INFO     | [VerificationAgent] verify_start | in: rule=12.1 node=FunctionCall line=6
2026-06-30 10:18:12,000 | INFO     | [VerificationAgent] verify_complete | out: violation=False confidence=1.00
2026-06-30 10:18:12,000 | INFO     | [VerificationAgent] verify_start | in: rule=12.2 node=FunctionCall line=6
2026-06-30 10:18:20,605 | INFO     | [VerificationAgent] verify_complete | out: violation=False confidence=1.00
2026-06-30 10:18:20,606 | INFO     | [VerificationAgent] verify_start | in: rule=12.3 node=FunctionCall line=6
2026-06-30 10:18:28,812 | INFO     | [VerificationAgent] verify_complete | out: violation=False confidence=1.00
2026-06-30 10:18:36,874 | INFO     | [VerificationAgent] verify_complete | out: violation=False confidence=1.00
2026-06-30 10:18:46,064 | INFO     | [VerificationAgent] verify_complete | out: violation=False confidence=1.00
2026-06-30 10:18:54,125 | INFO     | [VerificationAgent] verify_complete | out: violation=False confidence=1.00
2026-06-30 10:18:54,128 | INFO     | [OrchestratorAgent] analyze_complete | out: 1 violations found
2026-06-30 10:18:54,128 | INFO     | [ReportGeneratorAgent] generate_start | in: 1 violations, 51 checks
2026-06-30 10:18:54,194 | INFO     | [ReportGeneratorAgent] generate_complete | out: Report: C:\Users\sahyasree.mp\Desktop\CCT_AGENT\output\compliance_report.xlsx
2026-06-30 10:18:54,194 | INFO     | [OrchestratorAgent] metrics_start
2026-06-30 10:18:54,194 | INFO     | [MetricsAgent] calculate_start | in: output=C:\Users\sahyasree.mp\Desktop\CCT_AGENT\output\compliance_report.xlsx, ground_truth=C:\Users\sahyasree.mp\Desktop
2026-06-30 10:18:54,244 | INFO     | [MetricsAgent] calculate_complete | out: TP=1, FP=0, FN=5, Precision=100.00%, Recall=16.67%, F1=28.57%
2026-06-30 10:18:54,244 | INFO     | [MetricsAgent] report_start | in: output=C:\Users\sahyasree.mp\Desktop\CCT_AGENT\output\metrics_report.xlsx
2026-06-30 10:18:54,306 | INFO     | [MetricsAgent] report_complete | out: Report: C:\Users\sahyasree.mp\Desktop\CCT_AGENT\output\metrics_report.xlsx
2026-06-30 10:18:54,308 | INFO     | [OrchestratorAgent] metrics_complete | out: F1=28.57%, Precision=100.00%, Recall=16.67%
2026-06-30 10:18:54,319 | INFO     | Execution log saved (196 entries)
2026-06-30 10:18:54,319 | INFO     | [OrchestratorAgent] pipeline_complete | out: 1 violations | Report: C:\Users\sahyasree.mp\Desktop\CCT_AGENT\output\compliance_report.xlsx
