2026-07-07 10:20:53,888 | INFO     | [OrchestratorAgent] pipeline_start
2026-07-07 10:20:53,888 | INFO     | [OrchestratorAgent] load_rules_start
2026-07-07 10:20:54,111 | INFO     | [OrchestratorAgent] load_rules_complete | out: 142 rules loaded
2026-07-07 10:20:54,111 | INFO     | [OrchestratorAgent] parse_start | in: ['data\\tests\\one.c']
2026-07-07 10:20:54,136 | INFO     | [OrchestratorAgent] parse_file | in: data\tests\one.c | out: 16 nodes extracted
2026-07-07 10:20:54,136 | INFO     | [OrchestratorAgent] parse_complete | out: 16 total AST nodes
2026-07-07 10:20:54,136 | INFO     | [OrchestratorAgent] analyze_file | in: data\tests\one.c: 16 nodes
2026-07-07 10:20:54,136 | INFO     | [RuleRetrievalAgent] retrieve_rules | in: node=FunctionCall line=6
2026-07-07 10:20:54,136 | INFO     | [RuleRetrievalAgent] retrieve_complete | out: 6 rules matched: ['12.2', '12.1', '12.3', '16.5', '16.6', '16.7']
2026-07-07 10:20:54,158 | INFO     | [RelevanceFilterAgent] filter_complete | in: node=FunctionCall line=6 | out: In: 6, Out: 4 ['12.2', '12.1', '12.3', '16.7'], Filtered: 2 ['16.5', '16.6']
2026-07-07 10:20:54,158 | INFO     | [RuleRetrievalAgent] retrieve_rules | in: node=InlineAssembly line=8
2026-07-07 10:20:54,158 | INFO     | [RuleRetrievalAgent] retrieve_complete | out: 6 rules matched: ['1.2', '1.1', '1.3', '1.4', '1.5', '2.1']
2026-07-07 10:20:54,171 | INFO     | [RelevanceFilterAgent] filter_complete | in: node=InlineAssembly line=8 | out: In: 6, Out: 1 ['2.1'], Filtered: 5 ['1.2', '1.1', '1.3', '1.4', '1.5']
2026-07-07 10:20:54,171 | INFO     | [ControlFlowAgent] violations_found | in: node=InlineAssembly line=8 | out: 1 violations: ['2.1']
2026-07-07 10:20:54,171 | INFO     | [RuleRetrievalAgent] retrieve_rules | in: node=FunctionCall line=8
2026-07-07 10:20:54,173 | INFO     | [RuleRetrievalAgent] retrieve_complete | out: 6 rules matched: ['12.1', '12.2', '12.3', '16.5', '16.6', '16.7']
2026-07-07 10:20:54,180 | INFO     | [RelevanceFilterAgent] filter_complete | in: node=FunctionCall line=8 | out: In: 6, Out: 0 [], Filtered: 6 ['12.1', '12.2', '12.3', '16.5', '16.6', '16.7']
2026-07-07 10:20:54,182 | INFO     | [RuleRetrievalAgent] retrieve_rules | in: node=FunctionDefinition line=14
2026-07-07 10:20:54,183 | INFO     | [RuleRetrievalAgent] retrieve_complete | out: 6 rules matched: ['16.5', '16.7', '16.8', '8.2', '8.3', '8.7']
2026-07-07 10:20:54,189 | INFO     | [RelevanceFilterAgent] filter_complete | in: node=FunctionDefinition line=14 | out: In: 6, Out: 1 ['16.7'], Filtered: 5 ['16.5', '16.8', '8.2', '8.3', '8.7']
2026-07-07 10:20:54,189 | INFO     | [RuleRetrievalAgent] retrieve_rules | in: node=ReturnStatement line=14
2026-07-07 10:20:54,189 | INFO     | [RuleRetrievalAgent] retrieve_complete | out: 6 rules matched: ['16.5', '16.7', '16.8', '14.9', '16.6', '16.10']
2026-07-07 10:20:54,200 | INFO     | [RelevanceFilterAgent] filter_complete | in: node=ReturnStatement line=14 | out: In: 6, Out: 0 [], Filtered: 6 ['16.5', '16.7', '16.8', '14.9', '16.6', '16.10']
2026-07-07 10:20:54,201 | INFO     | [RuleRetrievalAgent] retrieve_rules | in: node=FunctionCall line=14
2026-07-07 10:20:54,202 | INFO     | [RuleRetrievalAgent] retrieve_complete | out: 6 rules matched: ['16.5', '16.7', '16.8', '12.1', '12.2', '12.3']
2026-07-07 10:20:54,206 | INFO     | [RelevanceFilterAgent] filter_complete | in: node=FunctionCall line=14 | out: In: 6, Out: 1 ['16.7'], Filtered: 5 ['16.5', '16.8', '12.1', '12.2', '12.3']
2026-07-07 10:20:54,206 | INFO     | [RuleRetrievalAgent] retrieve_rules | in: node=FunctionCall line=16
2026-07-07 10:20:54,210 | INFO     | [RuleRetrievalAgent] retrieve_complete | out: 6 rules matched: ['16.5', '16.7', '16.8', '12.1', '12.2', '12.3']
2026-07-07 10:20:54,217 | INFO     | [RelevanceFilterAgent] filter_complete | in: node=FunctionCall line=16 | out: In: 6, Out: 1 ['16.7'], Filtered: 5 ['16.5', '16.8', '12.1', '12.2', '12.3']
2026-07-07 10:20:54,217 | INFO     | [RuleRetrievalAgent] retrieve_rules | in: node=ReturnStatement line=19
2026-07-07 10:20:54,219 | INFO     | [RuleRetrievalAgent] retrieve_complete | out: 6 rules matched: ['16.5', '16.7', '16.8', '16.10', '14.1', '14.2']
2026-07-07 10:20:54,226 | INFO     | [RelevanceFilterAgent] filter_complete | in: node=ReturnStatement line=19 | out: In: 6, Out: 0 [], Filtered: 6 ['16.5', '16.7', '16.8', '16.10', '14.1', '14.2']
2026-07-07 10:20:54,226 | INFO     | [RuleRetrievalAgent] retrieve_rules | in: node=FunctionCall line=19
2026-07-07 10:20:54,227 | INFO     | [RuleRetrievalAgent] retrieve_complete | out: 6 rules matched: ['16.5', '16.7', '16.8', '16.10', '20.3', '12.1']
2026-07-07 10:20:54,237 | INFO     | [RelevanceFilterAgent] filter_complete | in: node=FunctionCall line=19 | out: In: 6, Out: 1 ['16.7'], Filtered: 5 ['16.5', '16.8', '16.10', '20.3', '12.1']
2026-07-07 10:20:54,238 | INFO     | [RuleRetrievalAgent] retrieve_rules | in: node=FunctionCall line=22
2026-07-07 10:20:54,239 | INFO     | [RuleRetrievalAgent] retrieve_complete | out: 6 rules matched: ['16.5', '16.7', '16.8', '16.10', '20.3', '12.1']
2026-07-07 10:20:54,245 | INFO     | [RelevanceFilterAgent] filter_complete | in: node=FunctionCall line=22 | out: In: 6, Out: 1 ['16.7'], Filtered: 5 ['16.5', '16.8', '16.10', '20.3', '12.1']
2026-07-07 10:20:54,245 | INFO     | [RuleRetrievalAgent] retrieve_rules | in: node=ReturnStatement line=24
2026-07-07 10:20:54,247 | INFO     | [RuleRetrievalAgent] retrieve_complete | out: 6 rules matched: ['16.5', '16.7', '16.8', '16.10', '14.1', '14.2']
2026-07-07 10:20:54,256 | INFO     | [RelevanceFilterAgent] filter_complete | in: node=ReturnStatement line=24 | out: In: 6, Out: 0 [], Filtered: 6 ['16.5', '16.7', '16.8', '16.10', '14.1', '14.2']
2026-07-07 10:20:54,256 | INFO     | [RuleRetrievalAgent] retrieve_rules | in: node=FunctionCall line=28
2026-07-07 10:20:54,256 | INFO     | [RuleRetrievalAgent] retrieve_complete | out: 6 rules matched: ['12.1', '12.2', '12.3', '16.3', '16.5', '16.6']
2026-07-07 10:20:54,265 | INFO     | [RelevanceFilterAgent] filter_complete | in: node=FunctionCall line=28 | out: In: 6, Out: 0 [], Filtered: 6 ['12.1', '12.2', '12.3', '16.3', '16.5', '16.6']
2026-07-07 10:20:54,266 | INFO     | [RuleRetrievalAgent] retrieve_rules | in: node=FunctionCall line=30
2026-07-07 10:20:54,266 | INFO     | [RuleRetrievalAgent] retrieve_complete | out: 6 rules matched: ['12.1', '12.2', '12.3', '16.3', '16.5', '16.6']
2026-07-07 10:20:54,274 | INFO     | [RelevanceFilterAgent] filter_complete | in: node=FunctionCall line=30 | out: In: 6, Out: 0 [], Filtered: 6 ['12.1', '12.2', '12.3', '16.3', '16.5', '16.6']
2026-07-07 10:20:54,274 | INFO     | [RuleRetrievalAgent] retrieve_rules | in: node=FunctionCall line=31
2026-07-07 10:20:54,276 | INFO     | [RuleRetrievalAgent] retrieve_complete | out: 6 rules matched: ['12.2', '16.1', '16.3', '12.1', '12.3', '12.4']
2026-07-07 10:20:54,280 | INFO     | [RelevanceFilterAgent] filter_complete | in: node=FunctionCall line=31 | out: In: 6, Out: 5 ['12.2', '16.3', '12.1', '12.3', '12.4'], Filtered: 1 ['16.1']
2026-07-07 10:20:54,280 | INFO     | [RuleRetrievalAgent] retrieve_rules | in: node=FunctionCall line=39
2026-07-07 10:20:54,280 | INFO     | [RuleRetrievalAgent] retrieve_complete | out: 6 rules matched: ['16.5', '16.7', '16.8', '12.1', '12.2', '12.3']
2026-07-07 10:20:54,293 | INFO     | [RelevanceFilterAgent] filter_complete | in: node=FunctionCall line=39 | out: In: 6, Out: 0 [], Filtered: 6 ['16.5', '16.7', '16.8', '12.1', '12.2', '12.3']
2026-07-07 10:20:54,293 | INFO     | [RuleRetrievalAgent] retrieve_rules | in: node=ReturnStatement line=40
2026-07-07 10:20:54,293 | INFO     | [RuleRetrievalAgent] retrieve_complete | out: 6 rules matched: ['16.5', '16.7', '16.8', '16.10', '14.1', '14.2']
2026-07-07 10:20:54,316 | INFO     | [RelevanceFilterAgent] filter_complete | in: node=ReturnStatement line=40 | out: In: 6, Out: 0 [], Filtered: 6 ['16.5', '16.7', '16.8', '16.10', '14.1', '14.2']
2026-07-07 10:20:54,316 | INFO     | [OrchestratorAgent] parallel_verify_start | in: 15 (node, rule) pairs to check
2026-07-07 10:20:54,316 | INFO     | [VerificationAgent] verify_start | in: rule=16.7 node=FunctionCall line=6
2026-07-07 10:20:54,316 | INFO     | [VerificationAgent] verify_start | in: rule=12.2 node=FunctionCall line=6
2026-07-07 10:20:54,320 | INFO     | [VerificationAgent] verify_start | in: rule=12.1 node=FunctionCall line=6
2026-07-07 10:20:54,323 | INFO     | [VerificationAgent] verify_start | in: rule=12.3 node=FunctionCall line=6
2026-07-07 10:21:23,547 | INFO     | [VerificationAgent] verify_complete | out: violation=False confidence=0.95
2026-07-07 10:21:23,547 | INFO     | [OrchestratorAgent] anchored_violation | out: one.c:8 rule=2.1 violation=True
2026-07-07 10:21:23,556 | INFO     | [VerificationAgent] verify_start | in: rule=16.7 node=FunctionDefinition line=14
2026-07-07 10:21:48,782 | INFO     | [VerificationAgent] verify_complete | out: violation=False confidence=1.00
2026-07-07 10:21:48,782 | INFO     | [VerificationAgent] verify_start | in: rule=16.7 node=FunctionCall line=14
2026-07-07 10:22:29,450 | INFO     | [VerificationAgent] verify_complete | out: violation=False confidence=0.95
2026-07-07 10:22:29,450 | INFO     | [VerificationAgent] verify_start | in: rule=16.7 node=FunctionCall line=16
2026-07-07 10:23:01,550 | INFO     | [VerificationAgent] verify_complete | out: violation=False confidence=1.00
2026-07-07 10:23:01,550 | INFO     | [VerificationAgent] verify_start | in: rule=16.7 node=FunctionCall line=19
2026-07-07 10:23:27,010 | INFO     | [VerificationAgent] verify_complete | out: violation=False confidence=0.95
2026-07-07 10:23:27,010 | INFO     | [VerificationAgent] verify_start | in: rule=16.7 node=FunctionCall line=22
2026-07-07 10:23:51,486 | INFO     | [VerificationAgent] verify_complete | out: violation=False confidence=1.00
2026-07-07 10:23:51,486 | INFO     | [VerificationAgent] verify_start | in: rule=16.3 node=FunctionCall line=31
2026-07-07 10:24:32,536 | INFO     | [VerificationAgent] verify_complete | out: violation=False confidence=0.95
2026-07-07 10:24:32,536 | INFO     | [VerificationAgent] verify_start | in: rule=12.2 node=FunctionCall line=31
2026-07-07 10:25:08,813 | INFO     | [VerificationAgent] verify_complete | out: violation=True confidence=0.50
2026-07-07 10:25:08,813 | INFO     | [CorrectionAgent] suggest_start | in: rule=16.7 line=19
2026-07-07 10:25:32,457 | INFO     | [VerificationAgent] verify_complete | out: violation=False confidence=0.95
2026-07-07 10:25:32,457 | INFO     | [VerificationAgent] verify_start | in: rule=12.1 node=FunctionCall line=31
2026-07-07 10:25:58,583 | INFO     | [VerificationAgent] verify_complete | out: violation=False confidence=1.00
2026-07-07 10:25:58,583 | INFO     | [VerificationAgent] verify_start | in: rule=12.3 node=FunctionCall line=31
2026-07-07 10:26:52,644 | INFO     | [VerificationAgent] verify_complete | out: violation=False confidence=0.95
2026-07-07 10:26:52,644 | INFO     | [VerificationAgent] verify_start | in: rule=12.4 node=FunctionCall line=31
2026-07-07 10:28:21,417 | INFO     | [CorrectionAgent] suggest_complete | out: ```c
{
    int i = 0;
    int first  = i++;   /* i becomes 1 */
    int second =
2026-07-07 10:28:21,417 | INFO     | [CorrectionAgent] generate_rationale_start | in: rule=16.7 line=19
2026-07-07 10:28:51,182 | INFO     | [VerificationAgent] verify_complete | out: violation=False confidence=0.95
2026-07-07 10:29:08,624 | INFO     | [VerificationAgent] verify_complete | out: violation=False confidence=0.99
2026-07-07 10:29:27,575 | INFO     | [VerificationAgent] verify_complete | out: violation=False confidence=0.95
2026-07-07 10:31:01,960 | INFO     | [CorrectionAgent] generate_rationale_complete | out: Rule 16.7 applies because the function `add` is declared with pointer parameters that are not qualif
2026-07-07 10:31:01,960 | INFO     | [OrchestratorAgent] anchored_violation | out: one.c:19 rule=16.7 violation=True
2026-07-07 10:31:01,960 | INFO     | [OrchestratorAgent] analyze_complete | out: 2 violations found
2026-07-07 10:31:01,960 | INFO     | [ReportGeneratorAgent] generate_start | in: 2 violations, 15 checks
2026-07-07 10:31:01,996 | INFO     | [ReportGeneratorAgent] generate_complete | out: Report: C:\Users\sahyasree.mp\Desktop\CCT_AGENT\output\compliance_report.xlsx
2026-07-07 10:31:01,996 | INFO     | Execution log saved (94 entries)
2026-07-07 10:31:01,996 | INFO     | [OrchestratorAgent] pipeline_complete | out: 2 violations | Report: C:\Users\sahyasree.mp\Desktop\CCT_AGENT\output\compliance_report.xlsx
