2026-07-06 16:38:17,609 | INFO     | [OrchestratorAgent] pipeline_start
2026-07-06 16:38:17,609 | INFO     | [OrchestratorAgent] load_rules_start
2026-07-06 16:38:17,792 | INFO     | [OrchestratorAgent] load_rules_complete | out: 142 rules loaded
2026-07-06 16:38:17,793 | INFO     | [OrchestratorAgent] parse_start | in: ['data\\tests\\two.c']
2026-07-06 16:38:17,815 | INFO     | [OrchestratorAgent] parse_file | in: data\tests\two.c | out: 21 nodes extracted
2026-07-06 16:38:17,818 | INFO     | [OrchestratorAgent] parse_complete | out: 21 total AST nodes
2026-07-06 16:38:17,818 | INFO     | [OrchestratorAgent] analyze_file | in: data\tests\two.c: 21 nodes
2026-07-06 16:38:17,818 | INFO     | [RuleRetrievalAgent] retrieve_rules | in: node=FunctionCall line=6
2026-07-06 16:38:17,818 | INFO     | [RuleRetrievalAgent] retrieve_complete | out: 6 rules matched: ['12.1', '12.8', '12.2', '12.3', '12.9', '12.11']
2026-07-06 16:38:17,833 | INFO     | [RelevanceFilterAgent] filter_complete | in: node=FunctionCall line=6 | out: In: 6, Out: 0 [], Filtered: 6 ['12.1', '12.8', '12.2', '12.3', '12.9', '12.11']
2026-07-06 16:38:17,833 | INFO     | [RuleRetrievalAgent] retrieve_rules | in: node=InlineAssembly line=10
2026-07-06 16:38:17,833 | INFO     | [RuleRetrievalAgent] retrieve_complete | out: 6 rules matched: ['1.1', '1.2', '1.3', '1.4', '1.5', '2.1']
2026-07-06 16:38:17,845 | INFO     | [RelevanceFilterAgent] filter_complete | in: node=InlineAssembly line=10 | out: In: 6, Out: 1 ['2.1'], Filtered: 5 ['1.1', '1.2', '1.3', '1.4', '1.5']
2026-07-06 16:38:17,846 | INFO     | [ControlFlowAgent] violations_found | in: node=InlineAssembly line=10 | out: 1 violations: ['2.1']
2026-07-06 16:38:17,846 | INFO     | [RuleRetrievalAgent] retrieve_rules | in: node=FunctionCall line=10
2026-07-06 16:38:17,847 | INFO     | [RuleRetrievalAgent] retrieve_complete | out: 6 rules matched: ['12.1', '12.2', '12.3', '12.4', '12.5', '12.6']
2026-07-06 16:38:17,858 | INFO     | [RelevanceFilterAgent] filter_complete | in: node=FunctionCall line=10 | out: In: 6, Out: 0 [], Filtered: 6 ['12.1', '12.2', '12.3', '12.4', '12.5', '12.6']
2026-07-06 16:38:17,858 | INFO     | [RuleRetrievalAgent] retrieve_rules | in: node=InlineAssembly line=15
2026-07-06 16:38:17,859 | INFO     | [RuleRetrievalAgent] retrieve_complete | out: 6 rules matched: ['1.2', '1.1', '1.3', '1.4', '1.5', '2.1']
2026-07-06 16:38:17,865 | INFO     | [RelevanceFilterAgent] filter_complete | in: node=InlineAssembly line=15 | out: In: 6, Out: 1 ['2.1'], Filtered: 5 ['1.2', '1.1', '1.3', '1.4', '1.5']
2026-07-06 16:38:17,865 | INFO     | [ControlFlowAgent] violations_found | in: node=InlineAssembly line=15 | out: 1 violations: ['2.1']
2026-07-06 16:38:17,865 | INFO     | [RuleRetrievalAgent] retrieve_rules | in: node=FunctionCall line=15
2026-07-06 16:38:17,865 | INFO     | [RuleRetrievalAgent] retrieve_complete | out: 6 rules matched: ['12.1', '12.2', '12.3', '16.5', '16.6', '16.7']
2026-07-06 16:38:17,872 | INFO     | [RelevanceFilterAgent] filter_complete | in: node=FunctionCall line=15 | out: In: 6, Out: 0 [], Filtered: 6 ['12.1', '12.2', '12.3', '16.5', '16.6', '16.7']
2026-07-06 16:38:17,872 | INFO     | [RuleRetrievalAgent] retrieve_rules | in: node=FunctionCall line=19
2026-07-06 16:38:17,878 | INFO     | [RuleRetrievalAgent] retrieve_complete | out: 6 rules matched: ['12.1', '12.2', '12.9', '12.11', '20.3', '20.5']
2026-07-06 16:38:17,884 | INFO     | [RelevanceFilterAgent] filter_complete | in: node=FunctionCall line=19 | out: In: 6, Out: 0 [], Filtered: 6 ['12.1', '12.2', '12.9', '12.11', '20.3', '20.5']
2026-07-06 16:38:17,884 | INFO     | [RuleRetrievalAgent] retrieve_rules | in: node=ReturnStatement line=27
2026-07-06 16:38:17,885 | INFO     | [RuleRetrievalAgent] retrieve_complete | out: 6 rules matched: ['14.2', '16.5', '16.7', '16.8', '16.10', '14.1']
2026-07-06 16:38:17,894 | INFO     | [RelevanceFilterAgent] filter_complete | in: node=ReturnStatement line=27 | out: In: 6, Out: 0 [], Filtered: 6 ['14.2', '16.5', '16.7', '16.8', '16.10', '14.1']
2026-07-06 16:38:17,894 | INFO     | [RuleRetrievalAgent] retrieve_rules | in: node=PointerDeclaration line=31
2026-07-06 16:38:17,894 | INFO     | [RuleRetrievalAgent] retrieve_complete | out: 6 rules matched: ['6.3', '11.4', '17.4', '8.2', '8.7', '8.10']
2026-07-06 16:38:17,902 | INFO     | [RelevanceFilterAgent] filter_complete | in: node=PointerDeclaration line=31 | out: In: 6, Out: 3 ['11.4', '17.4', '8.2'], Filtered: 3 ['6.3', '8.7', '8.10']
2026-07-06 16:38:17,902 | INFO     | [RuleRetrievalAgent] retrieve_rules | in: node=FunctionCall line=31
2026-07-06 16:38:17,903 | INFO     | [RuleRetrievalAgent] retrieve_complete | out: 6 rules matched: ['12.1', '12.2', '12.3', '12.8', '16.5', '16.6']
2026-07-06 16:38:17,911 | INFO     | [RelevanceFilterAgent] filter_complete | in: node=FunctionCall line=31 | out: In: 6, Out: 0 [], Filtered: 6 ['12.1', '12.2', '12.3', '12.8', '16.5', '16.6']
2026-07-06 16:38:17,911 | INFO     | [RuleRetrievalAgent] retrieve_rules | in: node=ForLoop line=37
2026-07-06 16:38:17,915 | INFO     | [RuleRetrievalAgent] retrieve_complete | out: 6 rules matched: ['14.3', '12.2', '12.5', '12.8', '12.11', '13.4']
2026-07-06 16:38:17,918 | INFO     | [RelevanceFilterAgent] filter_complete | in: node=ForLoop line=37 | out: In: 6, Out: 6 ['14.3', '12.2', '12.5', '12.8', '12.11', '13.4'], Filtered: 0 []
2026-07-06 16:38:17,920 | INFO     | [ControlFlowAgent] violations_found | in: node=ForLoop line=37 | out: 1 violations: ['13.5']
2026-07-06 16:38:17,920 | INFO     | [RuleRetrievalAgent] retrieve_rules | in: node=PointerDeclaration line=44
2026-07-06 16:38:17,922 | INFO     | [RuleRetrievalAgent] retrieve_complete | out: 6 rules matched: ['17.4', '6.3', '8.2', '8.7', '8.10', '11.2']
2026-07-06 16:38:17,929 | INFO     | [RelevanceFilterAgent] filter_complete | in: node=PointerDeclaration line=44 | out: In: 6, Out: 2 ['17.4', '8.2'], Filtered: 4 ['6.3', '8.7', '8.10', '11.2']
2026-07-06 16:38:17,929 | INFO     | [RuleRetrievalAgent] retrieve_rules | in: node=FunctionCall line=44
2026-07-06 16:38:17,931 | INFO     | [RuleRetrievalAgent] retrieve_complete | out: 6 rules matched: ['12.1', '12.2', '12.3', '16.5', '16.6', '16.7']
2026-07-06 16:38:17,939 | INFO     | [RelevanceFilterAgent] filter_complete | in: node=FunctionCall line=44 | out: In: 6, Out: 1 ['16.7'], Filtered: 5 ['12.1', '12.2', '12.3', '16.5', '16.6']
2026-07-06 16:38:17,939 | INFO     | [RuleRetrievalAgent] retrieve_rules | in: node=FunctionCall line=50
2026-07-06 16:38:17,941 | INFO     | [RuleRetrievalAgent] retrieve_complete | out: 6 rules matched: ['12.1', '12.13', '20.9', '12.2', '12.5', '12.11']
2026-07-06 16:38:17,945 | INFO     | [RelevanceFilterAgent] filter_complete | in: node=FunctionCall line=50 | out: In: 6, Out: 6 ['12.1', '12.13', '20.9', '12.2', '12.5', '12.11'], Filtered: 0 []
2026-07-06 16:38:17,947 | INFO     | [RuleRetrievalAgent] retrieve_rules | in: node=FunctionCall line=51
2026-07-06 16:38:17,947 | INFO     | [RuleRetrievalAgent] retrieve_complete | out: 6 rules matched: ['12.1', '12.13', '20.9', '12.2', '12.5', '12.11']
2026-07-06 16:38:17,952 | INFO     | [RelevanceFilterAgent] filter_complete | in: node=FunctionCall line=51 | out: In: 6, Out: 6 ['12.1', '12.13', '20.9', '12.2', '12.5', '12.11'], Filtered: 0 []
2026-07-06 16:38:17,953 | INFO     | [RuleRetrievalAgent] retrieve_rules | in: node=FunctionCall line=59
2026-07-06 16:38:17,955 | INFO     | [RuleRetrievalAgent] retrieve_complete | out: 6 rules matched: ['12.2', '16.5', '16.7', '20.4', '12.1', '12.3']
2026-07-06 16:38:17,962 | INFO     | [RelevanceFilterAgent] filter_complete | in: node=FunctionCall line=59 | out: In: 6, Out: 0 [], Filtered: 6 ['12.2', '16.5', '16.7', '20.4', '12.1', '12.3']
2026-07-06 16:38:17,962 | INFO     | [RuleRetrievalAgent] retrieve_rules | in: node=ArrayDeclaration line=61
2026-07-06 16:38:17,962 | INFO     | [RuleRetrievalAgent] retrieve_complete | out: 6 rules matched: ['9.3', '17.4', '8.2', '8.7', '8.10', '9.2']
2026-07-06 16:38:17,977 | INFO     | [RelevanceFilterAgent] filter_complete | in: node=ArrayDeclaration line=61 | out: In: 6, Out: 0 [], Filtered: 6 ['9.3', '17.4', '8.2', '8.7', '8.10', '9.2']
2026-07-06 16:38:17,978 | INFO     | [RuleRetrievalAgent] retrieve_rules | in: node=FunctionCall line=63
2026-07-06 16:38:17,979 | INFO     | [RuleRetrievalAgent] retrieve_complete | out: 6 rules matched: ['12.2', '16.5', '16.7', '20.4', '12.1', '12.3']
2026-07-06 16:38:17,982 | INFO     | [RelevanceFilterAgent] filter_complete | in: node=FunctionCall line=63 | out: In: 6, Out: 0 [], Filtered: 6 ['12.2', '16.5', '16.7', '20.4', '12.1', '12.3']
2026-07-06 16:38:17,982 | INFO     | [RuleRetrievalAgent] retrieve_rules | in: node=FunctionCall line=64
2026-07-06 16:38:17,988 | INFO     | [RuleRetrievalAgent] retrieve_complete | out: 6 rules matched: ['12.2', '16.5', '16.7', '20.4', '12.1', '12.3']
2026-07-06 16:38:17,999 | INFO     | [RelevanceFilterAgent] filter_complete | in: node=FunctionCall line=64 | out: In: 6, Out: 0 [], Filtered: 6 ['12.2', '16.5', '16.7', '20.4', '12.1', '12.3']
2026-07-06 16:38:17,999 | INFO     | [RuleRetrievalAgent] retrieve_rules | in: node=FunctionCall line=65
2026-07-06 16:38:18,001 | INFO     | [RuleRetrievalAgent] retrieve_complete | out: 6 rules matched: ['12.2', '16.5', '16.7', '20.4', '12.1', '12.3']
2026-07-06 16:38:18,011 | INFO     | [RelevanceFilterAgent] filter_complete | in: node=FunctionCall line=65 | out: In: 6, Out: 0 [], Filtered: 6 ['12.2', '16.5', '16.7', '20.4', '12.1', '12.3']
2026-07-06 16:38:18,011 | INFO     | [RuleRetrievalAgent] retrieve_rules | in: node=FunctionCall line=66
2026-07-06 16:38:18,013 | INFO     | [RuleRetrievalAgent] retrieve_complete | out: 6 rules matched: ['16.5', '16.7', '12.2', '20.4', '16.8', '12.1']
2026-07-06 16:38:18,022 | INFO     | [RelevanceFilterAgent] filter_complete | in: node=FunctionCall line=66 | out: In: 6, Out: 0 [], Filtered: 6 ['16.5', '16.7', '12.2', '20.4', '16.8', '12.1']
2026-07-06 16:38:18,022 | INFO     | [RuleRetrievalAgent] retrieve_rules | in: node=ReturnStatement line=68
2026-07-06 16:38:18,024 | INFO     | [RuleRetrievalAgent] retrieve_complete | out: 6 rules matched: ['16.5', '16.7', '14.8', '16.8', '16.10', '14.1']
2026-07-06 16:38:18,033 | INFO     | [RelevanceFilterAgent] filter_complete | in: node=ReturnStatement line=68 | out: In: 6, Out: 0 [], Filtered: 6 ['16.5', '16.7', '14.8', '16.8', '16.10', '14.1']
2026-07-06 16:38:18,034 | INFO     | [OrchestratorAgent] parallel_verify_start | in: 26 (node, rule) pairs to check
2026-07-06 16:38:18,035 | INFO     | [OrchestratorAgent] anchored_violation | out: two.c:10 rule=2.1 violation=True
2026-07-06 16:38:18,035 | INFO     | [OrchestratorAgent] anchored_violation | out: two.c:15 rule=2.1 violation=True
2026-07-06 16:38:18,037 | INFO     | [VerificationAgent] verify_start | in: rule=11.4 node=PointerDeclaration line=31
2026-07-06 16:38:18,037 | INFO     | [VerificationAgent] verify_start | in: rule=17.4 node=PointerDeclaration line=31
2026-07-06 16:38:18,037 | INFO     | [VerificationAgent] verify_start | in: rule=8.2 node=PointerDeclaration line=31
2026-07-06 16:38:18,038 | INFO     | [VerificationAgent] verify_start | in: rule=12.2 node=ForLoop line=37
2026-07-06 16:40:03,750 | INFO     | [VerificationAgent] verify_complete | out: violation=True confidence=0.90
2026-07-06 16:40:03,750 | INFO     | [CorrectionAgent] suggest_start | in: rule=12.2 line=37
2026-07-06 16:40:24,783 | INFO     | [VerificationAgent] verify_complete | out: violation=True confidence=0.50
2026-07-06 16:40:24,783 | INFO     | [CorrectionAgent] suggest_start | in: rule=17.4 line=31
2026-07-06 16:40:36,045 | INFO     | [VerificationAgent] verify_complete | out: violation=False confidence=1.00
2026-07-06 16:40:36,045 | INFO     | [VerificationAgent] verify_start | in: rule=12.8 node=ForLoop line=37
2026-07-06 16:40:51,260 | INFO     | [VerificationAgent] verify_complete | out: violation=False confidence=1.00
2026-07-06 16:40:51,260 | INFO     | [VerificationAgent] verify_start | in: rule=14.3 node=ForLoop line=37
2026-07-06 16:41:01,094 | INFO     | [CorrectionAgent] suggest_complete | out: >>>     for (i = 0U; i < len; i++)
        {
            buf[i] = (uint8_t)((uin
2026-07-06 16:41:01,094 | INFO     | [CorrectionAgent] generate_rationale_start | in: rule=12.2 line=37
2026-07-06 16:41:11,476 | INFO     | [CorrectionAgent] suggest_complete | out: ```c
void process_data(uint8_t *buf, uint32_t len)
{
    uint32_t i;
    uint8_t
2026-07-06 16:41:11,476 | INFO     | [CorrectionAgent] generate_rationale_start | in: rule=17.4 line=31
2026-07-06 16:41:31,162 | INFO     | [VerificationAgent] verify_complete | out: violation=False confidence=1.00
2026-07-06 16:41:31,170 | INFO     | [VerificationAgent] verify_start | in: rule=12.5 node=ForLoop line=37
2026-07-06 16:41:52,359 | INFO     | [VerificationAgent] verify_complete | out: violation=True confidence=0.50
2026-07-06 16:41:52,360 | INFO     | [CorrectionAgent] suggest_start | in: rule=14.3 line=37
2026-07-06 16:42:07,532 | INFO     | [CorrectionAgent] generate_rationale_complete | out: The MISRA C 2004 compliance rule 12.2 applies here because it addresses the unspecified order of eva
2026-07-06 16:42:07,532 | INFO     | [OrchestratorAgent] anchored_violation | out: two.c:37 rule=12.2 violation=True
2026-07-06 16:42:07,532 | INFO     | [VerificationAgent] verify_start | in: rule=12.11 node=ForLoop line=37
2026-07-06 16:42:19,298 | INFO     | [CorrectionAgent] generate_rationale_complete | out: The rule applies here because the function parameter `buf` is a pointer to an array, and the code at
2026-07-06 16:42:19,298 | INFO     | [OrchestratorAgent] anchored_violation | out: two.c:31 rule=17.4 violation=True
2026-07-06 16:42:19,298 | INFO     | [VerificationAgent] verify_start | in: rule=13.4 node=ForLoop line=37
2026-07-06 16:42:40,636 | INFO     | [VerificationAgent] verify_complete | out: violation=False confidence=1.00
2026-07-06 16:42:40,637 | INFO     | [VerificationAgent] verify_start | in: rule=17.4 node=PointerDeclaration line=44
2026-07-06 16:42:49,547 | INFO     | [CorrectionAgent] suggest_complete | out: >>>     for (i = 0U; i < len; i++)
        {
            buf[i] = (uint8_t)(buf[
2026-07-06 16:42:49,547 | INFO     | [CorrectionAgent] generate_rationale_start | in: rule=14.3 line=37
2026-07-06 16:43:17,612 | INFO     | [VerificationAgent] verify_complete | out: violation=False confidence=1.00
2026-07-06 16:43:17,613 | INFO     | [VerificationAgent] verify_start | in: rule=8.2 node=PointerDeclaration line=44
2026-07-06 16:43:31,008 | INFO     | [VerificationAgent] verify_complete | out: violation=False confidence=1.00
2026-07-06 16:43:31,009 | INFO     | [VerificationAgent] verify_start | in: rule=16.7 node=FunctionCall line=44
2026-07-06 16:43:49,266 | INFO     | [VerificationAgent] verify_complete | out: violation=False confidence=1.00
2026-07-06 16:43:49,266 | INFO     | [VerificationAgent] verify_start | in: rule=12.2 node=FunctionCall line=50
2026-07-06 16:44:01,893 | INFO     | [CorrectionAgent] generate_rationale_complete | out: The rule applies here because the code contains a null statement, which is the empty statement `;` a
2026-07-06 16:44:01,893 | INFO     | [OrchestratorAgent] anchored_violation | out: two.c:37 rule=14.3 violation=True
2026-07-06 16:44:01,893 | INFO     | [VerificationAgent] verify_start | in: rule=12.13 node=FunctionCall line=50
2026-07-06 16:44:32,104 | INFO     | [VerificationAgent] verify_complete | out: violation=True confidence=1.00
2026-07-06 16:44:32,104 | INFO     | [CorrectionAgent] suggest_start | in: rule=8.2 line=44
2026-07-06 16:44:52,434 | INFO     | [VerificationAgent] verify_complete | out: violation=True confidence=0.90
2026-07-06 16:44:52,434 | INFO     | [CorrectionAgent] suggest_start | in: rule=16.7 line=44
2026-07-06 16:45:16,788 | INFO     | [VerificationAgent] verify_complete | out: violation=False confidence=1.00
2026-07-06 16:45:16,788 | INFO     | [VerificationAgent] verify_start | in: rule=12.5 node=FunctionCall line=50
2026-07-06 16:45:31,939 | INFO     | [VerificationAgent] verify_complete | out: violation=False confidence=1.00
2026-07-06 16:45:31,940 | INFO     | [VerificationAgent] verify_start | in: rule=12.11 node=FunctionCall line=50
2026-07-06 16:45:39,964 | INFO     | [CorrectionAgent] suggest_complete | out: void transmit_packet(uint8_t *buf, uint32_t len)
{
    (void)len;
    uint32_t l
2026-07-06 16:45:39,964 | INFO     | [CorrectionAgent] generate_rationale_start | in: rule=8.2 line=44
2026-07-06 16:45:46,300 | INFO     | [CorrectionAgent] suggest_complete | out: void transmit_packet(const uint8_t *buf, uint32_t len)
2026-07-06 16:45:46,300 | INFO     | [CorrectionAgent] generate_rationale_start | in: rule=16.7 line=44
2026-07-06 16:46:08,325 | INFO     | [VerificationAgent] verify_complete | out: violation=False confidence=1.00
2026-07-06 16:46:08,325 | INFO     | [VerificationAgent] verify_start | in: rule=20.9 node=FunctionCall line=50
2026-07-06 16:46:26,547 | INFO     | [VerificationAgent] verify_complete | out: violation=False confidence=1.00
2026-07-06 16:46:26,547 | INFO     | [VerificationAgent] verify_start | in: rule=12.1 node=FunctionCall line=50
2026-07-06 16:46:38,282 | INFO     | [CorrectionAgent] generate_rationale_complete | out: The rule applies here because it requires explicit type declarations for all objects and functions, 
2026-07-06 16:46:38,282 | INFO     | [OrchestratorAgent] anchored_violation | out: two.c:44 rule=8.2 violation=True
2026-07-06 16:46:38,282 | INFO     | [VerificationAgent] verify_start | in: rule=12.2 node=FunctionCall line=51
2026-07-06 16:46:51,201 | INFO     | [CorrectionAgent] generate_rationale_complete | out: The MISRA C 2004 rule 16.7 applies here because the function parameter 'buf' is a pointer to a non-c
2026-07-06 16:46:51,201 | INFO     | [OrchestratorAgent] anchored_violation | out: two.c:44 rule=16.7 violation=True
2026-07-06 16:46:51,201 | INFO     | [VerificationAgent] verify_start | in: rule=12.13 node=FunctionCall line=51
2026-07-06 16:47:12,377 | INFO     | [VerificationAgent] verify_complete | out: violation=False confidence=1.00
2026-07-06 16:47:12,377 | INFO     | [VerificationAgent] verify_start | in: rule=12.5 node=FunctionCall line=51
2026-07-06 16:47:33,576 | INFO     | [VerificationAgent] verify_complete | out: violation=False confidence=1.00
2026-07-06 16:47:33,576 | INFO     | [VerificationAgent] verify_start | in: rule=12.11 node=FunctionCall line=51
2026-07-06 16:47:57,219 | INFO     | [VerificationAgent] verify_complete | out: violation=False confidence=1.00
2026-07-06 16:47:57,220 | INFO     | [VerificationAgent] verify_start | in: rule=20.9 node=FunctionCall line=51
2026-07-06 16:48:13,219 | INFO     | [VerificationAgent] verify_complete | out: violation=False confidence=1.00
2026-07-06 16:48:13,219 | INFO     | [VerificationAgent] verify_start | in: rule=12.1 node=FunctionCall line=51
2026-07-06 16:48:30,923 | INFO     | [VerificationAgent] verify_complete | out: violation=False confidence=1.00
2026-07-06 16:48:48,960 | INFO     | [VerificationAgent] verify_complete | out: violation=False confidence=1.00
2026-07-06 16:49:04,268 | INFO     | [VerificationAgent] verify_complete | out: violation=False confidence=1.00
2026-07-06 16:49:24,483 | INFO     | [VerificationAgent] verify_complete | out: violation=False confidence=1.00
2026-07-06 16:49:24,483 | INFO     | [OrchestratorAgent] analyze_complete | out: 7 violations found
2026-07-06 16:49:24,487 | INFO     | [ReportGeneratorAgent] generate_start | in: 7 violations, 26 checks
2026-07-06 16:49:24,582 | INFO     | [ReportGeneratorAgent] generate_complete | out: Report: C:\Users\sahyasree.mp\Desktop\CCT_AGENT\output\compliance_report.xlsx
2026-07-06 16:49:24,587 | INFO     | Execution log saved (152 entries)
2026-07-06 16:49:24,587 | INFO     | [OrchestratorAgent] pipeline_complete | out: 7 violations | Report: C:\Users\sahyasree.mp\Desktop\CCT_AGENT\output\compliance_report.xlsx
